<?xml version="1.0" encoding="UTF-8"?>
<testsuites name="jest tests" tests="1" failures="0" time="7.32">
  <testsuite name="Test Framework" errors="0" failures="0" skipped="0" timestamp="2020-08-02T15:28:34" time="2.872" tests="1">
    <testcase classname="Test Framework Sample Test" name="Test Framework Sample Test" time="0.017">
    </testcase>
  </testsuite>
</testsuites>